<?xml version="1.0" encoding="UTF-8"?>
<!-- Generated by org.testng.reporters.JUnitReportReporter -->
<testsuite skipped="0" hostname="DESKTOP-121GL8U" name="com.qa.hubspot.tests.LoginPageTest" tests="3" failures="0" timestamp="07 Jun 2020 07:18:40 GMT" time="9.532" errors="0">
  <testcase name="veifySignUpLinkTest" time="8.616" classname="com.qa.hubspot.tests.LoginPageTest"/>
  <testcase name="verifyLoginPageTitleTest" time="0.051" classname="com.qa.hubspot.tests.LoginPageTest"/>
  <testcase name="loginTest" time="0.865" classname="com.qa.hubspot.tests.LoginPageTest"/>
</testsuite> <!-- com.qa.hubspot.tests.LoginPageTest -->
