<?xml version="1.0" encoding="UTF-8"?>
<!-- Generated by org.testng.reporters.JUnitReportReporter -->
<testsuite skipped="0" hostname="DESKTOP-121GL8U" name="com.qa.hubspot.tests.LoginPageTest" tests="3" failures="0" timestamp="26 May 2020 14:26:59 GMT" time="8.676" errors="0">
  <testcase name="veifySignUpLinkTest" time="7.416" classname="com.qa.hubspot.tests.LoginPageTest"/>
  <testcase name="verifyLoginPageTitleTest" time="0.042" classname="com.qa.hubspot.tests.LoginPageTest"/>
  <testcase name="loginTest" time="1.218" classname="com.qa.hubspot.tests.LoginPageTest"/>
</testsuite> <!-- com.qa.hubspot.tests.LoginPageTest -->
